[debug] [2020-06-05T08:37:26.689Z] ----------------------------------------------------------------------
[debug] [2020-06-05T08:37:26.691Z] Command:       C:\Program Files\nodejs\node.exe C:\Users\Marcin\AppData\Roaming\npm\node_modules\firebase-tools\lib\bin\firebase.js emulators:start
[debug] [2020-06-05T08:37:26.691Z] CLI Version:   8.4.1
[debug] [2020-06-05T08:37:26.691Z] Platform:      win32
[debug] [2020-06-05T08:37:26.691Z] Node Version:  v12.13.0
[debug] [2020-06-05T08:37:26.692Z] Time:          Fri Jun 05 2020 10:37:26 GMT+0200 (GMT+02:00)
[debug] [2020-06-05T08:37:26.692Z] ----------------------------------------------------------------------
[debug] [2020-06-05T08:37:26.692Z] 
[debug] [2020-06-05T08:37:26.698Z] > command requires scopes: ["email","openid","https://www.googleapis.com/auth/cloudplatformprojects.readonly","https://www.googleapis.com/auth/firebase","https://www.googleapis.com/auth/cloud-platform"]
[debug] [2020-06-05T08:37:26.698Z] > authorizing via signed-in user
[info] i  emulators: Starting emulators: functions, hosting {"metadata":{"emulator":{"name":"hub"},"message":"Starting emulators: functions, hosting"}}
[debug] [2020-06-05T08:37:27.741Z] [hub] writing locator at C:\Users\Marcin\AppData\Local\Temp\hub-itfs-cfcd9.json
[warn] !  Your requested "node" version "8" doesn't match your global version "12" {"metadata":{"emulator":{"name":"functions"},"message":"Your requested \"node\" version \"8\" doesn't match your global version \"12\""}}
[debug] [2020-06-05T08:37:29.831Z] >>> HTTP REQUEST GET https://firebase.googleapis.com/v1beta1/projects/itfs-cfcd9/webApps/-/config  
 
[debug] [2020-06-05T08:37:30.706Z] <<< HTTP RESPONSE 200 {"content-type":"application/json; charset=UTF-8","vary":"X-Origin, Referer, Origin,Accept-Encoding","date":"Fri, 05 Jun 2020 08:37:24 GMT","server":"ESF","cache-control":"private","x-xss-protection":"0","x-frame-options":"SAMEORIGIN","x-content-type-options":"nosniff","alt-svc":"h3-27=\":443\"; ma=2592000,h3-25=\":443\"; ma=2592000,h3-T050=\":443\"; ma=2592000,h3-Q050=\":443\"; ma=2592000,h3-Q049=\":443\"; ma=2592000,h3-Q048=\":443\"; ma=2592000,h3-Q046=\":443\"; ma=2592000,h3-Q043=\":443\"; ma=2592000,quic=\":443\"; ma=2592000; v=\"46,43\"","accept-ranges":"none","transfer-encoding":"chunked"}
[info] i  hosting: Serving hosting files from: dist/ITFS {"metadata":{"emulator":{"name":"hosting"},"message":"Serving hosting files from: \u001b[1mdist/ITFS\u001b[22m"}}
[info] +  hosting: Local server: http://localhost:5000 {"metadata":{"emulator":{"name":"hosting"},"message":"Local server: \u001b[4m\u001b[1mhttp://localhost:5000\u001b[22m\u001b[24m"}}
[debug] [2020-06-05T08:37:32.780Z] Ignoring unsupported arg: auto_download {"metadata":{"emulator":{"name":"ui"},"message":"Ignoring unsupported arg: auto_download"}}
[debug] [2020-06-05T08:37:32.781Z] Ignoring unsupported arg: port {"metadata":{"emulator":{"name":"ui"},"message":"Ignoring unsupported arg: port"}}
[debug] [2020-06-05T08:37:32.782Z] Starting Emulator UI with command {"binary":"node","args":["C:\\Users\\Marcin\\.cache\\firebase\\emulators\\ui-v1.0.0\\server.bundle.js"],"optionalArgs":[],"joinArgs":false} {"metadata":{"emulator":{"name":"ui"},"message":"Starting Emulator UI with command {\"binary\":\"node\",\"args\":[\"C:\\\\Users\\\\Marcin\\\\.cache\\\\firebase\\\\emulators\\\\ui-v1.0.0\\\\server.bundle.js\"],\"optionalArgs\":[],\"joinArgs\":false}"}}
[info] i  ui: Emulator UI logging to ui-debug.log {"metadata":{"emulator":{"name":"ui"},"message":"Emulator UI logging to \u001b[1mui-debug.log\u001b[22m"}}
[debug] [2020-06-05T08:37:33.097Z] Web / API server started at http://localhost:4000
 {"metadata":{"emulator":{"name":"ui"},"message":"Web / API server started at http://localhost:4000\n"}}
[info] i  functions: Watching "E:\Workspace\ITFS\ITFS\functions" for Cloud Functions... {"metadata":{"emulator":{"name":"functions"},"message":"Watching \"E:\\Workspace\\ITFS\\ITFS\\functions\" for Cloud Functions..."}}
[debug] [2020-06-05T08:37:33.584Z] [worker-pool] addWorker(~diagnostic~) {"metadata":{"emulator":{"name":"functions"},"message":"[worker-pool] addWorker(~diagnostic~)"}}
[debug] [2020-06-05T08:37:33.584Z] [worker-pool] Adding worker with key ~diagnostic~, total=1 {"metadata":{"emulator":{"name":"functions"},"message":"[worker-pool] Adding worker with key ~diagnostic~, total=1"}}
[debug] [2020-06-05T08:37:33.584Z] [worker-pool] submitWork(triggerId=) {"metadata":{"emulator":{"name":"functions"},"message":"[worker-pool] submitWork(triggerId=)"}}
[debug] [2020-06-05T08:37:33.584Z] [worker-~diagnostic~-c9f35de3-d96b-4a77-a89a-ddc3579aaec5]: Assigning socketPath: \\?\pipe\E:\Workspace\ITFS\ITFS\functions\7896 {"metadata":{"emulator":{"name":"functions"},"message":"[worker-~diagnostic~-c9f35de3-d96b-4a77-a89a-ddc3579aaec5]: Assigning socketPath: \\\\?\\pipe\\E:\\Workspace\\ITFS\\ITFS\\functions\\7896"}}
[debug] [2020-06-05T08:37:33.585Z] [worker-~diagnostic~-c9f35de3-d96b-4a77-a89a-ddc3579aaec5]: BUSY {"metadata":{"emulator":{"name":"functions"},"message":"[worker-~diagnostic~-c9f35de3-d96b-4a77-a89a-ddc3579aaec5]: BUSY"}}
[debug] [2020-06-05T08:37:33.856Z] [runtime-status] [7896] Functions runtime initialized. {"cwd":"E:\\Workspace\\ITFS\\ITFS\\functions","node_version":"12.13.0"} {"metadata":{"emulator":{"name":"functions"},"message":"[runtime-status] [7896] Functions runtime initialized. {\"cwd\":\"E:\\\\Workspace\\\\ITFS\\\\ITFS\\\\functions\",\"node_version\":\"12.13.0\"}"}}
[debug] [2020-06-05T08:37:33.857Z] [runtime-status] [7896] Disabled runtime features: undefined {"metadata":{"emulator":{"name":"functions"},"message":"[runtime-status] [7896] Disabled runtime features: undefined"}}
[debug] [2020-06-05T08:37:33.859Z] [runtime-status] [7896] Resolved module firebase-admin {"declared":true,"installed":true,"version":"8.12.1","resolution":"E:\\Workspace\\ITFS\\ITFS\\functions\\node_modules\\firebase-admin\\lib\\index.js"} {"metadata":{"emulator":{"name":"functions"},"message":"[runtime-status] [7896] Resolved module firebase-admin {\"declared\":true,\"installed\":true,\"version\":\"8.12.1\",\"resolution\":\"E:\\\\Workspace\\\\ITFS\\\\ITFS\\\\functions\\\\node_modules\\\\firebase-admin\\\\lib\\\\index.js\"}"}}
[debug] [2020-06-05T08:37:33.860Z] [runtime-status] [7896] Resolved module firebase-functions {"declared":true,"installed":true,"version":"3.6.2","resolution":"E:\\Workspace\\ITFS\\ITFS\\functions\\node_modules\\firebase-functions\\lib\\index.js"} {"metadata":{"emulator":{"name":"functions"},"message":"[runtime-status] [7896] Resolved module firebase-functions {\"declared\":true,\"installed\":true,\"version\":\"3.6.2\",\"resolution\":\"E:\\\\Workspace\\\\ITFS\\\\ITFS\\\\functions\\\\node_modules\\\\firebase-functions\\\\lib\\\\index.js\"}"}}
[debug] [2020-06-05T08:37:33.862Z] [runtime-status] [7896] Outgoing network have been stubbed. [{"name":"http","status":"mocked"},{"name":"http","status":"mocked"},{"name":"https","status":"mocked"},{"name":"https","status":"mocked"},{"name":"net","status":"mocked"}] {"metadata":{"emulator":{"name":"functions"},"message":"[runtime-status] [7896] Outgoing network have been stubbed. [{\"name\":\"http\",\"status\":\"mocked\"},{\"name\":\"http\",\"status\":\"mocked\"},{\"name\":\"https\",\"status\":\"mocked\"},{\"name\":\"https\",\"status\":\"mocked\"},{\"name\":\"net\",\"status\":\"mocked\"}]"}}
[debug] [2020-06-05T08:37:33.862Z] [runtime-status] [7896] Resolved module firebase-functions {"declared":true,"installed":true,"version":"3.6.2","resolution":"E:\\Workspace\\ITFS\\ITFS\\functions\\node_modules\\firebase-functions\\lib\\index.js"} {"metadata":{"emulator":{"name":"functions"},"message":"[runtime-status] [7896] Resolved module firebase-functions {\"declared\":true,\"installed\":true,\"version\":\"3.6.2\",\"resolution\":\"E:\\\\Workspace\\\\ITFS\\\\ITFS\\\\functions\\\\node_modules\\\\firebase-functions\\\\lib\\\\index.js\"}"}}
[debug] [2020-06-05T08:37:33.892Z] [runtime-status] [7896] Checked functions.config() {"config":{}} {"metadata":{"emulator":{"name":"functions"},"message":"[runtime-status] [7896] Checked functions.config() {\"config\":{}}"}}
[debug] [2020-06-05T08:37:33.892Z] [runtime-status] [7896] firebase-functions has been stubbed. {"functionsResolution":{"declared":true,"installed":true,"version":"3.6.2","resolution":"E:\\Workspace\\ITFS\\ITFS\\functions\\node_modules\\firebase-functions\\lib\\index.js"}} {"metadata":{"emulator":{"name":"functions"},"message":"[runtime-status] [7896] firebase-functions has been stubbed. {\"functionsResolution\":{\"declared\":true,\"installed\":true,\"version\":\"3.6.2\",\"resolution\":\"E:\\\\Workspace\\\\ITFS\\\\ITFS\\\\functions\\\\node_modules\\\\firebase-functions\\\\lib\\\\index.js\"}}"}}
[debug] [2020-06-05T08:37:33.892Z] [runtime-status] [7896] Resolved module firebase-functions {"declared":true,"installed":true,"version":"3.6.2","resolution":"E:\\Workspace\\ITFS\\ITFS\\functions\\node_modules\\firebase-functions\\lib\\index.js"} {"metadata":{"emulator":{"name":"functions"},"message":"[runtime-status] [7896] Resolved module firebase-functions {\"declared\":true,\"installed\":true,\"version\":\"3.6.2\",\"resolution\":\"E:\\\\Workspace\\\\ITFS\\\\ITFS\\\\functions\\\\node_modules\\\\firebase-functions\\\\lib\\\\index.js\"}"}}
[debug] [2020-06-05T08:37:33.893Z] [runtime-status] [7896] Resolved module firebase-admin {"declared":true,"installed":true,"version":"8.12.1","resolution":"E:\\Workspace\\ITFS\\ITFS\\functions\\node_modules\\firebase-admin\\lib\\index.js"} {"metadata":{"emulator":{"name":"functions"},"message":"[runtime-status] [7896] Resolved module firebase-admin {\"declared\":true,\"installed\":true,\"version\":\"8.12.1\",\"resolution\":\"E:\\\\Workspace\\\\ITFS\\\\ITFS\\\\functions\\\\node_modules\\\\firebase-admin\\\\lib\\\\index.js\"}"}}
[debug] [2020-06-05T08:37:33.893Z] [runtime-status] [7896] Resolved module firebase-functions {"declared":true,"installed":true,"version":"3.6.2","resolution":"E:\\Workspace\\ITFS\\ITFS\\functions\\node_modules\\firebase-functions\\lib\\index.js"} {"metadata":{"emulator":{"name":"functions"},"message":"[runtime-status] [7896] Resolved module firebase-functions {\"declared\":true,\"installed\":true,\"version\":\"3.6.2\",\"resolution\":\"E:\\\\Workspace\\\\ITFS\\\\ITFS\\\\functions\\\\node_modules\\\\firebase-functions\\\\lib\\\\index.js\"}"}}
[debug] [2020-06-05T08:37:33.894Z] [runtime-status] [7896] firebase-admin has been stubbed. {"adminResolution":{"declared":true,"installed":true,"version":"8.12.1","resolution":"E:\\Workspace\\ITFS\\ITFS\\functions\\node_modules\\firebase-admin\\lib\\index.js"}} {"metadata":{"emulator":{"name":"functions"},"message":"[runtime-status] [7896] firebase-admin has been stubbed. {\"adminResolution\":{\"declared\":true,\"installed\":true,\"version\":\"8.12.1\",\"resolution\":\"E:\\\\Workspace\\\\ITFS\\\\ITFS\\\\functions\\\\node_modules\\\\firebase-admin\\\\lib\\\\index.js\"}}"}}
[warn] !  It looks like you're trying to access functions.config().firebase but there is no value there. You can learn more about setting up config here: https://firebase.google.com/docs/functions/local-emulator {"metadata":{"emulator":{"name":"functions"},"message":"It looks like you're trying to access functions.config().firebase but there is no value there. You can learn more about setting up config here: https://firebase.google.com/docs/functions/local-emulator"}}
[debug] [2020-06-05T08:37:33.965Z] [runtime-status] [7896] initializeApp(DEFAULT) {"databaseURL":"https://itfs-cfcd9.firebaseio.com","storageBucket":"itfs-cfcd9.appspot.com","projectId":"itfs-cfcd9"} {"metadata":{"emulator":{"name":"functions"},"message":"[runtime-status] [7896] initializeApp(DEFAULT) {\"databaseURL\":\"https://itfs-cfcd9.firebaseio.com\",\"storageBucket\":\"itfs-cfcd9.appspot.com\",\"projectId\":\"itfs-cfcd9\"}"}}
[info] +  functions[webApi]: http function initialized (http://localhost:5001/itfs-cfcd9/us-central1/webApi). {"metadata":{"emulator":{"name":"functions"},"message":"\u001b[1mhttp\u001b[22m function initialized (http://localhost:5001/itfs-cfcd9/us-central1/webApi)."}}
[info] 
┌───────────────────────────────────────────────────────────────────────┐
│ ✔  All emulators ready! View status and logs at http://localhost:4000 │
└───────────────────────────────────────────────────────────────────────┘

┌───────────┬────────────────┬─────────────────────────────────┐
│ Emulator  │ Host:Port      │ View in Emulator UI             │
├───────────┼────────────────┼─────────────────────────────────┤
│ Functions │ localhost:5001 │ http://localhost:4000/functions │
├───────────┼────────────────┼─────────────────────────────────┤
│ Hosting   │ localhost:5000 │ n/a                             │
└───────────┴────────────────┴─────────────────────────────────┘
  Other reserved ports: 4400, 4500

Issues? Report them at https://github.com/firebase/firebase-tools/issues and attach the *-debug.log files.
 
[debug] [2020-06-05T08:37:33.980Z] [worker-~diagnostic~-c9f35de3-d96b-4a77-a89a-ddc3579aaec5]: IDLE {"metadata":{"emulator":{"name":"functions"},"message":"[worker-~diagnostic~-c9f35de3-d96b-4a77-a89a-ddc3579aaec5]: IDLE"}}
[info] i  hosting: 127.0.0.1 - - [05/Jun/2020:08:37:42 +0000] "GET / HTTP/1.1" 200 1018 "-" "Mozilla/5.0 (Windows NT 6.1; Win64; x64) AppleWebKit/537.36 (KHTML, like Gecko) Chrome/81.0.4044.138 Safari/537.36 OPR/68.0.3618.125" {"metadata":{"emulator":{"name":"hosting"},"message":"127.0.0.1 - - [05/Jun/2020:08:37:42 +0000] \"GET / HTTP/1.1\" 200 1018 \"-\" \"Mozilla/5.0 (Windows NT 6.1; Win64; x64) AppleWebKit/537.36 (KHTML, like Gecko) Chrome/81.0.4044.138 Safari/537.36 OPR/68.0.3618.125\""}}
[info] i  hosting: 127.0.0.1 - - [05/Jun/2020:08:37:42 +0000] "GET /main-es2015.js HTTP/1.1" 200 385127 "http://localhost:5000/" "Mozilla/5.0 (Windows NT 6.1; Win64; x64) AppleWebKit/537.36 (KHTML, like Gecko) Chrome/81.0.4044.138 Safari/537.36 OPR/68.0.3618.125" {"metadata":{"emulator":{"name":"hosting"},"message":"127.0.0.1 - - [05/Jun/2020:08:37:42 +0000] \"GET /main-es2015.js HTTP/1.1\" 200 385127 \"http://localhost:5000/\" \"Mozilla/5.0 (Windows NT 6.1; Win64; x64) AppleWebKit/537.36 (KHTML, like Gecko) Chrome/81.0.4044.138 Safari/537.36 OPR/68.0.3618.125\""}}
[info] i  hosting: 127.0.0.1 - - [05/Jun/2020:08:37:43 +0000] "GET /assets/logo.png HTTP/1.1" 200 19639 "http://localhost:5000/" "Mozilla/5.0 (Windows NT 6.1; Win64; x64) AppleWebKit/537.36 (KHTML, like Gecko) Chrome/81.0.4044.138 Safari/537.36 OPR/68.0.3618.125" {"metadata":{"emulator":{"name":"hosting"},"message":"127.0.0.1 - - [05/Jun/2020:08:37:43 +0000] \"GET /assets/logo.png HTTP/1.1\" 200 19639 \"http://localhost:5000/\" \"Mozilla/5.0 (Windows NT 6.1; Win64; x64) AppleWebKit/537.36 (KHTML, like Gecko) Chrome/81.0.4044.138 Safari/537.36 OPR/68.0.3618.125\""}}
[info] i  hosting: 127.0.0.1 - - [05/Jun/2020:08:37:43 +0000] "GET /favicon.ico HTTP/1.1" 200 948 "http://localhost:5000/" "Mozilla/5.0 (Windows NT 6.1; Win64; x64) AppleWebKit/537.36 (KHTML, like Gecko) Chrome/81.0.4044.138 Safari/537.36 OPR/68.0.3618.125" {"metadata":{"emulator":{"name":"hosting"},"message":"127.0.0.1 - - [05/Jun/2020:08:37:43 +0000] \"GET /favicon.ico HTTP/1.1\" 200 948 \"http://localhost:5000/\" \"Mozilla/5.0 (Windows NT 6.1; Win64; x64) AppleWebKit/537.36 (KHTML, like Gecko) Chrome/81.0.4044.138 Safari/537.36 OPR/68.0.3618.125\""}}
[info] [hosting] Rewriting /api/getOffices to http://localhost:5001/itfs-cfcd9/us-central1/webApi for local Function webApi
[debug] [2020-06-05T08:37:44.517Z] [work-queue] {"queueLength":1,"workRunningCount":0}
[debug] [2020-06-05T08:37:44.518Z] [work-queue] {"queueLength":0,"workRunningCount":1}
[debug] [2020-06-05T08:37:44.518Z] Accepted request GET /itfs-cfcd9/us-central1/webApi/api/getOffices --> webApi
[debug] [2020-06-05T08:37:44.611Z] [worker-pool] addWorker(webApi) {"metadata":{"emulator":{"name":"functions"},"message":"[worker-pool] addWorker(webApi)"}}
[debug] [2020-06-05T08:37:44.611Z] [worker-pool] Adding worker with key webApi, total=1 {"metadata":{"emulator":{"name":"functions"},"message":"[worker-pool] Adding worker with key webApi, total=1"}}
[debug] [2020-06-05T08:37:44.611Z] [worker-pool] submitWork(triggerId=webApi) {"metadata":{"emulator":{"name":"functions"},"message":"[worker-pool] submitWork(triggerId=webApi)"}}
[debug] [2020-06-05T08:37:44.611Z] [worker-webApi-786fb8e1-8122-41a3-bd9f-f874c8004b6c]: Assigning socketPath: \\?\pipe\E:\Workspace\ITFS\ITFS\functions\8316 {"metadata":{"emulator":{"name":"functions"},"message":"[worker-webApi-786fb8e1-8122-41a3-bd9f-f874c8004b6c]: Assigning socketPath: \\\\?\\pipe\\E:\\Workspace\\ITFS\\ITFS\\functions\\8316"}}
[debug] [2020-06-05T08:37:44.611Z] [worker-webApi-786fb8e1-8122-41a3-bd9f-f874c8004b6c]: BUSY {"metadata":{"emulator":{"name":"functions"},"message":"[worker-webApi-786fb8e1-8122-41a3-bd9f-f874c8004b6c]: BUSY"}}
[debug] [2020-06-05T08:37:44.900Z] [runtime-status] [8316] Functions runtime initialized. {"cwd":"E:\\Workspace\\ITFS\\ITFS\\functions","node_version":"12.13.0"} {"metadata":{"emulator":{"name":"functions"},"function":{"name":"webApi"},"message":"[runtime-status] [8316] Functions runtime initialized. {\"cwd\":\"E:\\\\Workspace\\\\ITFS\\\\ITFS\\\\functions\",\"node_version\":\"12.13.0\"}"}}
[debug] [2020-06-05T08:37:44.901Z] [runtime-status] [8316] Disabled runtime features: undefined {"metadata":{"emulator":{"name":"functions"},"function":{"name":"webApi"},"message":"[runtime-status] [8316] Disabled runtime features: undefined"}}
[debug] [2020-06-05T08:37:44.903Z] [runtime-status] [8316] Resolved module firebase-admin {"declared":true,"installed":true,"version":"8.12.1","resolution":"E:\\Workspace\\ITFS\\ITFS\\functions\\node_modules\\firebase-admin\\lib\\index.js"} {"metadata":{"emulator":{"name":"functions"},"function":{"name":"webApi"},"message":"[runtime-status] [8316] Resolved module firebase-admin {\"declared\":true,\"installed\":true,\"version\":\"8.12.1\",\"resolution\":\"E:\\\\Workspace\\\\ITFS\\\\ITFS\\\\functions\\\\node_modules\\\\firebase-admin\\\\lib\\\\index.js\"}"}}
[debug] [2020-06-05T08:37:44.904Z] [runtime-status] [8316] Resolved module firebase-functions {"declared":true,"installed":true,"version":"3.6.2","resolution":"E:\\Workspace\\ITFS\\ITFS\\functions\\node_modules\\firebase-functions\\lib\\index.js"} {"metadata":{"emulator":{"name":"functions"},"function":{"name":"webApi"},"message":"[runtime-status] [8316] Resolved module firebase-functions {\"declared\":true,\"installed\":true,\"version\":\"3.6.2\",\"resolution\":\"E:\\\\Workspace\\\\ITFS\\\\ITFS\\\\functions\\\\node_modules\\\\firebase-functions\\\\lib\\\\index.js\"}"}}
[debug] [2020-06-05T08:37:44.906Z] [runtime-status] [8316] Outgoing network have been stubbed. [{"name":"http","status":"mocked"},{"name":"http","status":"mocked"},{"name":"https","status":"mocked"},{"name":"https","status":"mocked"},{"name":"net","status":"mocked"}] {"metadata":{"emulator":{"name":"functions"},"function":{"name":"webApi"},"message":"[runtime-status] [8316] Outgoing network have been stubbed. [{\"name\":\"http\",\"status\":\"mocked\"},{\"name\":\"http\",\"status\":\"mocked\"},{\"name\":\"https\",\"status\":\"mocked\"},{\"name\":\"https\",\"status\":\"mocked\"},{\"name\":\"net\",\"status\":\"mocked\"}]"}}
[debug] [2020-06-05T08:37:44.906Z] [runtime-status] [8316] Resolved module firebase-functions {"declared":true,"installed":true,"version":"3.6.2","resolution":"E:\\Workspace\\ITFS\\ITFS\\functions\\node_modules\\firebase-functions\\lib\\index.js"} {"metadata":{"emulator":{"name":"functions"},"function":{"name":"webApi"},"message":"[runtime-status] [8316] Resolved module firebase-functions {\"declared\":true,\"installed\":true,\"version\":\"3.6.2\",\"resolution\":\"E:\\\\Workspace\\\\ITFS\\\\ITFS\\\\functions\\\\node_modules\\\\firebase-functions\\\\lib\\\\index.js\"}"}}
[debug] [2020-06-05T08:37:44.938Z] [runtime-status] [8316] Checked functions.config() {"config":{}} {"metadata":{"emulator":{"name":"functions"},"function":{"name":"webApi"},"message":"[runtime-status] [8316] Checked functions.config() {\"config\":{}}"}}
[debug] [2020-06-05T08:37:44.938Z] [runtime-status] [8316] firebase-functions has been stubbed. {"functionsResolution":{"declared":true,"installed":true,"version":"3.6.2","resolution":"E:\\Workspace\\ITFS\\ITFS\\functions\\node_modules\\firebase-functions\\lib\\index.js"}} {"metadata":{"emulator":{"name":"functions"},"function":{"name":"webApi"},"message":"[runtime-status] [8316] firebase-functions has been stubbed. {\"functionsResolution\":{\"declared\":true,\"installed\":true,\"version\":\"3.6.2\",\"resolution\":\"E:\\\\Workspace\\\\ITFS\\\\ITFS\\\\functions\\\\node_modules\\\\firebase-functions\\\\lib\\\\index.js\"}}"}}
[debug] [2020-06-05T08:37:44.938Z] [runtime-status] [8316] Resolved module firebase-functions {"declared":true,"installed":true,"version":"3.6.2","resolution":"E:\\Workspace\\ITFS\\ITFS\\functions\\node_modules\\firebase-functions\\lib\\index.js"} {"metadata":{"emulator":{"name":"functions"},"function":{"name":"webApi"},"message":"[runtime-status] [8316] Resolved module firebase-functions {\"declared\":true,\"installed\":true,\"version\":\"3.6.2\",\"resolution\":\"E:\\\\Workspace\\\\ITFS\\\\ITFS\\\\functions\\\\node_modules\\\\firebase-functions\\\\lib\\\\index.js\"}"}}
[debug] [2020-06-05T08:37:44.939Z] [runtime-status] [8316] Resolved module firebase-admin {"declared":true,"installed":true,"version":"8.12.1","resolution":"E:\\Workspace\\ITFS\\ITFS\\functions\\node_modules\\firebase-admin\\lib\\index.js"} {"metadata":{"emulator":{"name":"functions"},"function":{"name":"webApi"},"message":"[runtime-status] [8316] Resolved module firebase-admin {\"declared\":true,\"installed\":true,\"version\":\"8.12.1\",\"resolution\":\"E:\\\\Workspace\\\\ITFS\\\\ITFS\\\\functions\\\\node_modules\\\\firebase-admin\\\\lib\\\\index.js\"}"}}
[debug] [2020-06-05T08:37:44.939Z] [runtime-status] [8316] Resolved module firebase-functions {"declared":true,"installed":true,"version":"3.6.2","resolution":"E:\\Workspace\\ITFS\\ITFS\\functions\\node_modules\\firebase-functions\\lib\\index.js"} {"metadata":{"emulator":{"name":"functions"},"function":{"name":"webApi"},"message":"[runtime-status] [8316] Resolved module firebase-functions {\"declared\":true,\"installed\":true,\"version\":\"3.6.2\",\"resolution\":\"E:\\\\Workspace\\\\ITFS\\\\ITFS\\\\functions\\\\node_modules\\\\firebase-functions\\\\lib\\\\index.js\"}"}}
[debug] [2020-06-05T08:37:44.940Z] [runtime-status] [8316] firebase-admin has been stubbed. {"adminResolution":{"declared":true,"installed":true,"version":"8.12.1","resolution":"E:\\Workspace\\ITFS\\ITFS\\functions\\node_modules\\firebase-admin\\lib\\index.js"}} {"metadata":{"emulator":{"name":"functions"},"function":{"name":"webApi"},"message":"[runtime-status] [8316] firebase-admin has been stubbed. {\"adminResolution\":{\"declared\":true,\"installed\":true,\"version\":\"8.12.1\",\"resolution\":\"E:\\\\Workspace\\\\ITFS\\\\ITFS\\\\functions\\\\node_modules\\\\firebase-admin\\\\lib\\\\index.js\"}}"}}
[debug] [2020-06-05T08:37:45.012Z] [runtime-status] [8316] initializeApp(DEFAULT) {"databaseURL":"https://itfs-cfcd9.firebaseio.com","storageBucket":"itfs-cfcd9.appspot.com","projectId":"itfs-cfcd9"} {"metadata":{"emulator":{"name":"functions"},"function":{"name":"webApi"},"message":"[runtime-status] [8316] initializeApp(DEFAULT) {\"databaseURL\":\"https://itfs-cfcd9.firebaseio.com\",\"storageBucket\":\"itfs-cfcd9.appspot.com\",\"projectId\":\"itfs-cfcd9\"}"}}
[debug] [2020-06-05T08:37:45.015Z] [runtime-status] [8316] Trigger "webApi" has been found, beginning invocation! {"metadata":{"emulator":{"name":"functions"},"function":{"name":"webApi"},"message":"[runtime-status] [8316] Trigger \"webApi\" has been found, beginning invocation!"}}
[info] i  functions: Beginning execution of "webApi" {"metadata":{"emulator":{"name":"functions"},"function":{"name":"webApi"},"message":"Beginning execution of \"webApi\""}}
[debug] [2020-06-05T08:37:45.017Z] [runtime-status] [8316] triggerDefinition {"httpsTrigger":{},"name":"webApi","entryPoint":"webApi"} {"metadata":{"emulator":{"name":"functions"},"function":{"name":"webApi"},"message":"[runtime-status] [8316] triggerDefinition {\"httpsTrigger\":{},\"name\":\"webApi\",\"entryPoint\":\"webApi\"}"}}
[debug] [2020-06-05T08:37:45.017Z] [runtime-status] [8316] Running webApi in mode HTTPS {"metadata":{"emulator":{"name":"functions"},"function":{"name":"webApi"},"message":"[runtime-status] [8316] Running webApi in mode HTTPS"}}
[debug] [2020-06-05T08:37:45.019Z] [runtime-status] [8316] Attempting to listen to socketPath: \\?\pipe\E:\Workspace\ITFS\ITFS\functions\8316 {"metadata":{"emulator":{"name":"functions"},"function":{"name":"webApi"},"message":"[runtime-status] [8316] Attempting to listen to socketPath: \\\\?\\pipe\\E:\\Workspace\\ITFS\\ITFS\\functions\\8316"}}
[debug] [2020-06-05T08:37:45.022Z] [functions] Runtime ready! Sending request! {"metadata":{"emulator":{"name":"functions"},"message":"[functions] Runtime ready! Sending request!"}}
[debug] [2020-06-05T08:37:45.033Z] [runtime-status] [8316] Ephemeral server handling GET request {"metadata":{"emulator":{"name":"functions"},"function":{"name":"webApi"},"message":"[runtime-status] [8316] Ephemeral server handling GET request"}}
[debug] [2020-06-05T08:37:45.038Z] [runtime-status] [8316] Ephemeral server survived. {"metadata":{"emulator":{"name":"functions"},"function":{"name":"webApi"},"message":"[runtime-status] [8316] Ephemeral server survived."}}
[info] i  hosting: 127.0.0.1 - - [05/Jun/2020:08:37:45 +0000] "GET /api/getOffices HTTP/1.1" 200 16 "http://localhost:5000/add-office" "Mozilla/5.0 (Windows NT 6.1; Win64; x64) AppleWebKit/537.36 (KHTML, like Gecko) Chrome/81.0.4044.138 Safari/537.36 OPR/68.0.3618.125" {"metadata":{"emulator":{"name":"hosting"},"message":"127.0.0.1 - - [05/Jun/2020:08:37:45 +0000] \"GET /api/getOffices HTTP/1.1\" 200 16 \"http://localhost:5000/add-office\" \"Mozilla/5.0 (Windows NT 6.1; Win64; x64) AppleWebKit/537.36 (KHTML, like Gecko) Chrome/81.0.4044.138 Safari/537.36 OPR/68.0.3618.125\""}}
[info] i  functions: Finished "webApi" in ~1s {"metadata":{"emulator":{"name":"functions"},"function":{"name":"webApi"},"message":"Finished \"webApi\" in ~1s"}}
[debug] [2020-06-05T08:37:45.041Z] [worker-webApi-786fb8e1-8122-41a3-bd9f-f874c8004b6c]: IDLE {"metadata":{"emulator":{"name":"functions"},"message":"[worker-webApi-786fb8e1-8122-41a3-bd9f-f874c8004b6c]: IDLE"}}
[debug] [2020-06-05T08:37:45.042Z] [work-queue] {"queueLength":0,"workRunningCount":0}
[info] i  hosting: 127.0.0.1 - - [05/Jun/2020:08:37:46 +0000] "GET /main-es2015.js.map HTTP/1.1" 200 114505 "-" "Mozilla/5.0 (Windows NT 6.1; Win64; x64) AppleWebKit/537.36 (KHTML, like Gecko) Chrome/81.0.4044.138 Safari/537.36 OPR/68.0.3618.125" {"metadata":{"emulator":{"name":"hosting"},"message":"127.0.0.1 - - [05/Jun/2020:08:37:46 +0000] \"GET /main-es2015.js.map HTTP/1.1\" 200 114505 \"-\" \"Mozilla/5.0 (Windows NT 6.1; Win64; x64) AppleWebKit/537.36 (KHTML, like Gecko) Chrome/81.0.4044.138 Safari/537.36 OPR/68.0.3618.125\""}}
[debug] [2020-06-05T10:02:27.801Z] [worker-webApi-786fb8e1-8122-41a3-bd9f-f874c8004b6c]: exited {"metadata":{"emulator":{"name":"functions"},"message":"[worker-webApi-786fb8e1-8122-41a3-bd9f-f874c8004b6c]: exited"}}
[debug] [2020-06-05T10:02:27.802Z] [worker-webApi-786fb8e1-8122-41a3-bd9f-f874c8004b6c]: FINISHED {"metadata":{"emulator":{"name":"functions"},"message":"[worker-webApi-786fb8e1-8122-41a3-bd9f-f874c8004b6c]: FINISHED"}}
[debug] [2020-06-05T10:02:27.802Z] [worker-~diagnostic~-c9f35de3-d96b-4a77-a89a-ddc3579aaec5]: exited {"metadata":{"emulator":{"name":"functions"},"message":"[worker-~diagnostic~-c9f35de3-d96b-4a77-a89a-ddc3579aaec5]: exited"}}
[debug] [2020-06-05T10:02:27.802Z] [worker-~diagnostic~-c9f35de3-d96b-4a77-a89a-ddc3579aaec5]: FINISHED {"metadata":{"emulator":{"name":"functions"},"message":"[worker-~diagnostic~-c9f35de3-d96b-4a77-a89a-ddc3579aaec5]: FINISHED"}}
