[debug] [2020-06-14T21:26:46.499Z] ----------------------------------------------------------------------
[debug] [2020-06-14T21:26:46.501Z] Command:       C:\Program Files\nodejs\node.exe C:\Users\Marcin\AppData\Roaming\npm\node_modules\firebase-tools\lib\bin\firebase.js emulators:start
[debug] [2020-06-14T21:26:46.502Z] CLI Version:   8.4.2
[debug] [2020-06-14T21:26:46.502Z] Platform:      win32
[debug] [2020-06-14T21:26:46.502Z] Node Version:  v12.13.0
[debug] [2020-06-14T21:26:46.503Z] Time:          Sun Jun 14 2020 23:26:46 GMT+0200 (GMT+02:00)
[debug] [2020-06-14T21:26:46.503Z] ----------------------------------------------------------------------
[debug] [2020-06-14T21:26:46.503Z] 
[debug] [2020-06-14T21:26:46.509Z] > command requires scopes: ["email","openid","https://www.googleapis.com/auth/cloudplatformprojects.readonly","https://www.googleapis.com/auth/firebase","https://www.googleapis.com/auth/cloud-platform"]
[debug] [2020-06-14T21:26:46.510Z] > authorizing via signed-in user
[info] i  emulators: Starting emulators: functions, hosting {"metadata":{"emulator":{"name":"hub"},"message":"Starting emulators: functions, hosting"}}
[debug] [2020-06-14T21:26:47.538Z] [hub] writing locator at C:\Users\Marcin\AppData\Local\Temp\hub-itfs-cfcd9.json
[warn] !  Your requested "node" version "8" doesn't match your global version "12" {"metadata":{"emulator":{"name":"functions"},"message":"Your requested \"node\" version \"8\" doesn't match your global version \"12\""}}
[debug] [2020-06-14T21:26:49.579Z] >>> HTTP REQUEST GET https://firebase.googleapis.com/v1beta1/projects/itfs-cfcd9/webApps/-/config  
 
[debug] [2020-06-14T21:26:50.225Z] <<< HTTP RESPONSE 200 {"content-type":"application/json; charset=UTF-8","vary":"X-Origin, Referer, Origin,Accept-Encoding","date":"Sun, 14 Jun 2020 21:26:49 GMT","server":"ESF","cache-control":"private","x-xss-protection":"0","x-frame-options":"SAMEORIGIN","x-content-type-options":"nosniff","alt-svc":"h3-27=\":443\"; ma=2592000,h3-25=\":443\"; ma=2592000,h3-T050=\":443\"; ma=2592000,h3-Q050=\":443\"; ma=2592000,h3-Q049=\":443\"; ma=2592000,h3-Q048=\":443\"; ma=2592000,h3-Q046=\":443\"; ma=2592000,h3-Q043=\":443\"; ma=2592000,quic=\":443\"; ma=2592000; v=\"46,43\"","accept-ranges":"none","transfer-encoding":"chunked"}
[info] i  hosting: Serving hosting files from: dist/ITFS {"metadata":{"emulator":{"name":"hosting"},"message":"Serving hosting files from: \u001b[1mdist/ITFS\u001b[22m"}}
[info] +  hosting: Local server: http://localhost:5000 {"metadata":{"emulator":{"name":"hosting"},"message":"Local server: \u001b[4m\u001b[1mhttp://localhost:5000\u001b[22m\u001b[24m"}}
[debug] [2020-06-14T21:26:52.253Z] Ignoring unsupported arg: auto_download {"metadata":{"emulator":{"name":"ui"},"message":"Ignoring unsupported arg: auto_download"}}
[debug] [2020-06-14T21:26:52.253Z] Ignoring unsupported arg: port {"metadata":{"emulator":{"name":"ui"},"message":"Ignoring unsupported arg: port"}}
[debug] [2020-06-14T21:26:52.254Z] Starting Emulator UI with command {"binary":"node","args":["C:\\Users\\Marcin\\.cache\\firebase\\emulators\\ui-v1.0.0\\server.bundle.js"],"optionalArgs":[],"joinArgs":false} {"metadata":{"emulator":{"name":"ui"},"message":"Starting Emulator UI with command {\"binary\":\"node\",\"args\":[\"C:\\\\Users\\\\Marcin\\\\.cache\\\\firebase\\\\emulators\\\\ui-v1.0.0\\\\server.bundle.js\"],\"optionalArgs\":[],\"joinArgs\":false}"}}
[info] i  ui: Emulator UI logging to ui-debug.log {"metadata":{"emulator":{"name":"ui"},"message":"Emulator UI logging to \u001b[1mui-debug.log\u001b[22m"}}
[debug] [2020-06-14T21:26:52.441Z] Web / API server started at http://localhost:4000
 {"metadata":{"emulator":{"name":"ui"},"message":"Web / API server started at http://localhost:4000\n"}}
[info] i  functions: Watching "E:\Workspace\ITFS\ITFS\functions" for Cloud Functions... {"metadata":{"emulator":{"name":"functions"},"message":"Watching \"E:\\Workspace\\ITFS\\ITFS\\functions\" for Cloud Functions..."}}
[debug] [2020-06-14T21:26:52.966Z] [worker-pool] addWorker(~diagnostic~) {"metadata":{"emulator":{"name":"functions"},"message":"[worker-pool] addWorker(~diagnostic~)"}}
[debug] [2020-06-14T21:26:52.966Z] [worker-pool] Adding worker with key ~diagnostic~, total=1 {"metadata":{"emulator":{"name":"functions"},"message":"[worker-pool] Adding worker with key ~diagnostic~, total=1"}}
[debug] [2020-06-14T21:26:52.966Z] [worker-pool] submitWork(triggerId=) {"metadata":{"emulator":{"name":"functions"},"message":"[worker-pool] submitWork(triggerId=)"}}
[debug] [2020-06-14T21:26:52.966Z] [worker-~diagnostic~-a9d7d328-d14a-479f-a929-d950c3075333]: Assigning socketPath: \\?\pipe\E:\Workspace\ITFS\ITFS\functions\6192 {"metadata":{"emulator":{"name":"functions"},"message":"[worker-~diagnostic~-a9d7d328-d14a-479f-a929-d950c3075333]: Assigning socketPath: \\\\?\\pipe\\E:\\Workspace\\ITFS\\ITFS\\functions\\6192"}}
[debug] [2020-06-14T21:26:52.967Z] [worker-~diagnostic~-a9d7d328-d14a-479f-a929-d950c3075333]: BUSY {"metadata":{"emulator":{"name":"functions"},"message":"[worker-~diagnostic~-a9d7d328-d14a-479f-a929-d950c3075333]: BUSY"}}
[debug] [2020-06-14T21:26:53.264Z] [runtime-status] [6192] Functions runtime initialized. {"cwd":"E:\\Workspace\\ITFS\\ITFS\\functions","node_version":"12.13.0"} {"metadata":{"emulator":{"name":"functions"},"message":"[runtime-status] [6192] Functions runtime initialized. {\"cwd\":\"E:\\\\Workspace\\\\ITFS\\\\ITFS\\\\functions\",\"node_version\":\"12.13.0\"}"}}
[debug] [2020-06-14T21:26:53.265Z] [runtime-status] [6192] Disabled runtime features: undefined {"metadata":{"emulator":{"name":"functions"},"message":"[runtime-status] [6192] Disabled runtime features: undefined"}}
[debug] [2020-06-14T21:26:53.267Z] [runtime-status] [6192] Resolved module firebase-admin {"declared":true,"installed":true,"version":"8.12.1","resolution":"E:\\Workspace\\ITFS\\ITFS\\functions\\node_modules\\firebase-admin\\lib\\index.js"} {"metadata":{"emulator":{"name":"functions"},"message":"[runtime-status] [6192] Resolved module firebase-admin {\"declared\":true,\"installed\":true,\"version\":\"8.12.1\",\"resolution\":\"E:\\\\Workspace\\\\ITFS\\\\ITFS\\\\functions\\\\node_modules\\\\firebase-admin\\\\lib\\\\index.js\"}"}}
[debug] [2020-06-14T21:26:53.268Z] [runtime-status] [6192] Resolved module firebase-functions {"declared":true,"installed":true,"version":"3.6.2","resolution":"E:\\Workspace\\ITFS\\ITFS\\functions\\node_modules\\firebase-functions\\lib\\index.js"} {"metadata":{"emulator":{"name":"functions"},"message":"[runtime-status] [6192] Resolved module firebase-functions {\"declared\":true,\"installed\":true,\"version\":\"3.6.2\",\"resolution\":\"E:\\\\Workspace\\\\ITFS\\\\ITFS\\\\functions\\\\node_modules\\\\firebase-functions\\\\lib\\\\index.js\"}"}}
[debug] [2020-06-14T21:26:53.270Z] [runtime-status] [6192] Outgoing network have been stubbed. [{"name":"http","status":"mocked"},{"name":"http","status":"mocked"},{"name":"https","status":"mocked"},{"name":"https","status":"mocked"},{"name":"net","status":"mocked"}] {"metadata":{"emulator":{"name":"functions"},"message":"[runtime-status] [6192] Outgoing network have been stubbed. [{\"name\":\"http\",\"status\":\"mocked\"},{\"name\":\"http\",\"status\":\"mocked\"},{\"name\":\"https\",\"status\":\"mocked\"},{\"name\":\"https\",\"status\":\"mocked\"},{\"name\":\"net\",\"status\":\"mocked\"}]"}}
[debug] [2020-06-14T21:26:53.271Z] [runtime-status] [6192] Resolved module firebase-functions {"declared":true,"installed":true,"version":"3.6.2","resolution":"E:\\Workspace\\ITFS\\ITFS\\functions\\node_modules\\firebase-functions\\lib\\index.js"} {"metadata":{"emulator":{"name":"functions"},"message":"[runtime-status] [6192] Resolved module firebase-functions {\"declared\":true,\"installed\":true,\"version\":\"3.6.2\",\"resolution\":\"E:\\\\Workspace\\\\ITFS\\\\ITFS\\\\functions\\\\node_modules\\\\firebase-functions\\\\lib\\\\index.js\"}"}}
[debug] [2020-06-14T21:26:53.303Z] [runtime-status] [6192] Checked functions.config() {"config":{}} {"metadata":{"emulator":{"name":"functions"},"message":"[runtime-status] [6192] Checked functions.config() {\"config\":{}}"}}
[debug] [2020-06-14T21:26:53.304Z] [runtime-status] [6192] firebase-functions has been stubbed. {"functionsResolution":{"declared":true,"installed":true,"version":"3.6.2","resolution":"E:\\Workspace\\ITFS\\ITFS\\functions\\node_modules\\firebase-functions\\lib\\index.js"}} {"metadata":{"emulator":{"name":"functions"},"message":"[runtime-status] [6192] firebase-functions has been stubbed. {\"functionsResolution\":{\"declared\":true,\"installed\":true,\"version\":\"3.6.2\",\"resolution\":\"E:\\\\Workspace\\\\ITFS\\\\ITFS\\\\functions\\\\node_modules\\\\firebase-functions\\\\lib\\\\index.js\"}}"}}
[debug] [2020-06-14T21:26:53.304Z] [runtime-status] [6192] Resolved module firebase-functions {"declared":true,"installed":true,"version":"3.6.2","resolution":"E:\\Workspace\\ITFS\\ITFS\\functions\\node_modules\\firebase-functions\\lib\\index.js"} {"metadata":{"emulator":{"name":"functions"},"message":"[runtime-status] [6192] Resolved module firebase-functions {\"declared\":true,\"installed\":true,\"version\":\"3.6.2\",\"resolution\":\"E:\\\\Workspace\\\\ITFS\\\\ITFS\\\\functions\\\\node_modules\\\\firebase-functions\\\\lib\\\\index.js\"}"}}
[debug] [2020-06-14T21:26:53.305Z] [runtime-status] [6192] Resolved module firebase-admin {"declared":true,"installed":true,"version":"8.12.1","resolution":"E:\\Workspace\\ITFS\\ITFS\\functions\\node_modules\\firebase-admin\\lib\\index.js"} {"metadata":{"emulator":{"name":"functions"},"message":"[runtime-status] [6192] Resolved module firebase-admin {\"declared\":true,\"installed\":true,\"version\":\"8.12.1\",\"resolution\":\"E:\\\\Workspace\\\\ITFS\\\\ITFS\\\\functions\\\\node_modules\\\\firebase-admin\\\\lib\\\\index.js\"}"}}
[debug] [2020-06-14T21:26:53.305Z] [runtime-status] [6192] Resolved module firebase-functions {"declared":true,"installed":true,"version":"3.6.2","resolution":"E:\\Workspace\\ITFS\\ITFS\\functions\\node_modules\\firebase-functions\\lib\\index.js"} {"metadata":{"emulator":{"name":"functions"},"message":"[runtime-status] [6192] Resolved module firebase-functions {\"declared\":true,\"installed\":true,\"version\":\"3.6.2\",\"resolution\":\"E:\\\\Workspace\\\\ITFS\\\\ITFS\\\\functions\\\\node_modules\\\\firebase-functions\\\\lib\\\\index.js\"}"}}
[debug] [2020-06-14T21:26:53.306Z] [runtime-status] [6192] firebase-admin has been stubbed. {"adminResolution":{"declared":true,"installed":true,"version":"8.12.1","resolution":"E:\\Workspace\\ITFS\\ITFS\\functions\\node_modules\\firebase-admin\\lib\\index.js"}} {"metadata":{"emulator":{"name":"functions"},"message":"[runtime-status] [6192] firebase-admin has been stubbed. {\"adminResolution\":{\"declared\":true,\"installed\":true,\"version\":\"8.12.1\",\"resolution\":\"E:\\\\Workspace\\\\ITFS\\\\ITFS\\\\functions\\\\node_modules\\\\firebase-admin\\\\lib\\\\index.js\"}}"}}
[warn] !  It looks like you're trying to access functions.config().firebase but there is no value there. You can learn more about setting up config here: https://firebase.google.com/docs/functions/local-emulator {"metadata":{"emulator":{"name":"functions"},"message":"It looks like you're trying to access functions.config().firebase but there is no value there. You can learn more about setting up config here: https://firebase.google.com/docs/functions/local-emulator"}}
[debug] [2020-06-14T21:26:53.382Z] [runtime-status] [6192] initializeApp(DEFAULT) {"databaseURL":"https://itfs-cfcd9.firebaseio.com","storageBucket":"itfs-cfcd9.appspot.com","projectId":"itfs-cfcd9"} {"metadata":{"emulator":{"name":"functions"},"message":"[runtime-status] [6192] initializeApp(DEFAULT) {\"databaseURL\":\"https://itfs-cfcd9.firebaseio.com\",\"storageBucket\":\"itfs-cfcd9.appspot.com\",\"projectId\":\"itfs-cfcd9\"}"}}
[info] +  functions[webApi]: http function initialized (http://localhost:5001/itfs-cfcd9/us-central1/webApi). {"metadata":{"emulator":{"name":"functions"},"message":"\u001b[1mhttp\u001b[22m function initialized (http://localhost:5001/itfs-cfcd9/us-central1/webApi)."}}
[info] 
┌───────────────────────────────────────────────────────────────────────┐
│ ✔  All emulators ready! View status and logs at http://localhost:4000 │
└───────────────────────────────────────────────────────────────────────┘

┌───────────┬────────────────┬─────────────────────────────────┐
│ Emulator  │ Host:Port      │ View in Emulator UI             │
├───────────┼────────────────┼─────────────────────────────────┤
│ Functions │ localhost:5001 │ http://localhost:4000/functions │
├───────────┼────────────────┼─────────────────────────────────┤
│ Hosting   │ localhost:5000 │ n/a                             │
└───────────┴────────────────┴─────────────────────────────────┘
  Other reserved ports: 4400, 4500

Issues? Report them at https://github.com/firebase/firebase-tools/issues and attach the *-debug.log files.
 
[debug] [2020-06-14T21:26:53.395Z] [worker-~diagnostic~-a9d7d328-d14a-479f-a929-d950c3075333]: IDLE {"metadata":{"emulator":{"name":"functions"},"message":"[worker-~diagnostic~-a9d7d328-d14a-479f-a929-d950c3075333]: IDLE"}}
